<?xml version="1.0" encoding="UTF-8"?>
<coverage generated="1763351548103" clover="3.2.0">
  <project timestamp="1763351548103" name="All files">
    <metrics statements="38" coveredstatements="38" conditionals="47" coveredconditionals="47" methods="3" coveredmethods="3" elements="88" coveredelements="88" complexity="0" loc="38" ncloc="38" packages="1" files="3" classes="3"/>
    <file name="validatePassword.js" path="C:\Users\phamh\OneDrive\Máy tính\DoAN_SWT\KiemThuPhanMem\fontend\src\utils\validation\validatePassword.js">
      <metrics statements="11" coveredstatements="11" conditionals="12" coveredconditionals="12" methods="1" coveredmethods="1"/>
      <line num="2" count="6" type="cond" truecount="4" falsecount="0"/>
      <line num="3" count="1" type="stmt"/>
      <line num="6" count="5" type="cond" truecount="2" falsecount="0"/>
      <line num="7" count="1" type="stmt"/>
      <line num="10" count="4" type="cond" truecount="2" falsecount="0"/>
      <line num="11" count="1" type="stmt"/>
      <line num="14" count="3" type="stmt"/>
      <line num="15" count="3" type="stmt"/>
      <line num="17" count="3" type="cond" truecount="4" falsecount="0"/>
      <line num="18" count="2" type="stmt"/>
      <line num="21" count="1" type="stmt"/>
    </file>
    <file name="validateProduct.js" path="C:\Users\phamh\OneDrive\Máy tính\DoAN_SWT\KiemThuPhanMem\fontend\src\utils\validation\validateProduct.js">
      <metrics statements="17" coveredstatements="17" conditionals="25" coveredconditionals="25" methods="1" coveredmethods="1"/>
      <line num="3" count="12" type="stmt"/>
      <line num="4" count="12" type="stmt"/>
      <line num="6" count="12" type="cond" truecount="5" falsecount="0"/>
      <line num="7" count="3" type="stmt"/>
      <line num="10" count="9" type="cond" truecount="4" falsecount="0"/>
      <line num="11" count="2" type="stmt"/>
      <line num="13" count="7" type="cond" truecount="2" falsecount="0"/>
      <line num="14" count="1" type="stmt"/>
      <line num="17" count="6" type="cond" truecount="4" falsecount="0"/>
      <line num="18" count="2" type="stmt"/>
      <line num="20" count="4" type="cond" truecount="2" falsecount="0"/>
      <line num="21" count="1" type="stmt"/>
      <line num="24" count="3" type="cond" truecount="4" falsecount="0"/>
      <line num="25" count="1" type="stmt"/>
      <line num="28" count="2" type="cond" truecount="4" falsecount="0"/>
      <line num="29" count="1" type="stmt"/>
      <line num="32" count="1" type="stmt"/>
    </file>
    <file name="validateUsername.js" path="C:\Users\phamh\OneDrive\Máy tính\DoAN_SWT\KiemThuPhanMem\fontend\src\utils\validation\validateUsername.js">
      <metrics statements="10" coveredstatements="10" conditionals="10" coveredconditionals="10" methods="1" coveredmethods="1"/>
      <line num="3" count="5" type="cond" truecount="4" falsecount="0"/>
      <line num="4" count="1" type="stmt"/>
      <line num="7" count="4" type="cond" truecount="2" falsecount="0"/>
      <line num="8" count="1" type="stmt"/>
      <line num="11" count="3" type="cond" truecount="2" falsecount="0"/>
      <line num="12" count="1" type="stmt"/>
      <line num="15" count="2" type="stmt"/>
      <line num="16" count="2" type="cond" truecount="2" falsecount="0"/>
      <line num="17" count="1" type="stmt"/>
      <line num="20" count="1" type="stmt"/>
    </file>
  </project>
</coverage>
